hello_world/build/app/intermediates/manifest_merge_blame_file/release/manifest-merger-blame-release-report.txt
1<?xml version="1.0" encoding="utf-8"?>
2<!--
3 Copyright 2014 The Flutter Authors. All rights reserved.
4Use of this source code is governed by a BSD-style license that can be
5found in the LICENSE file.
6-->
7<manifest xmlns:android="http://schemas.android.com/apk/res/android"
8    package="io.flutter.examples.hello_world"
9    android:versionCode="1"
10    android:versionName="1.0" >
11
12    <uses-sdk
13        android:minSdkVersion="16"
13-->src\main\AndroidManifest.xml
14        android:targetSdkVersion="31" />
14-->src\main\AndroidManifest.xml
15
16    <!--
17         The INTERNET permission is required for development. Specifically,
18         flutter needs it to communicate with the running application
19         to allow setting breakpoints, to provide hot reload, etc.
20    -->
21    <uses-permission android:name="android.permission.INTERNET" />
21-->src\main\AndroidManifest.xml:12:5-66
21-->src\main\AndroidManifest.xml:12:22-64
22
23    <application
23-->src\main\AndroidManifest.xml:14:5-30:19
24        android:appComponentFactory="androidx.core.app.CoreComponentFactory"
24-->[androidx.core:core:1.6.0] AndroidManifest.xml:24:18-86
25        android:icon="@mipmap/ic_launcher"
25-->src\main\AndroidManifest.xml:14:46-80
26        android:label="hello_world" >
26-->src\main\AndroidManifest.xml:14:18-45
27        <activity
27-->src\main\AndroidManifest.xml:15:9-24:20
28            android:name="io.flutter.embedding.android.FlutterActivity"
28-->src\main\AndroidManifest.xml:15:19-78
29            android:configChanges="orientation|keyboardHidden|keyboard|screenSize|locale|layoutDirection|fontScale|screenLayout|density|uiMode"
29-->src\main\AndroidManifest.xml:17:19-150
30            android:hardwareAccelerated="true"
30-->src\main\AndroidManifest.xml:18:19-53
31            android:theme="@android:style/Theme.Black.NoTitleBar"
31-->src\main\AndroidManifest.xml:16:19-72
32            android:windowSoftInputMode="adjustResize" >
32-->src\main\AndroidManifest.xml:19:19-61
33            <intent-filter>
33-->src\main\AndroidManifest.xml:20:13-23:29
34                <action android:name="android.intent.action.MAIN" />
34-->src\main\AndroidManifest.xml:21:17-68
34-->src\main\AndroidManifest.xml:21:25-66
35
36                <category android:name="android.intent.category.LAUNCHER" />
36-->src\main\AndroidManifest.xml:22:17-76
36-->src\main\AndroidManifest.xml:22:27-74
37            </intent-filter>
38        </activity>
39        <!--
40         Don't delete the meta-data below.
41         This is used by the Flutter tool to generate GeneratedPluginRegistrant.java
42        -->
43        <meta-data
43-->src\main\AndroidManifest.xml:27:9-29:33
44            android:name="flutterEmbedding"
44-->src\main\AndroidManifest.xml:28:13-44
45            android:value="2" />
45-->src\main\AndroidManifest.xml:29:13-30
46
47        <uses-library
47-->[androidx.window:window:1.0.0-beta03] AndroidManifest.xml:25:9-27:40
48            android:name="androidx.window.extensions"
48-->[androidx.window:window:1.0.0-beta03] AndroidManifest.xml:26:13-54
49            android:required="false" />
49-->[androidx.window:window:1.0.0-beta03] AndroidManifest.xml:27:13-37
50        <uses-library
50-->[androidx.window:window:1.0.0-beta03] AndroidManifest.xml:28:9-30:40
51            android:name="androidx.window.sidecar"
51-->[androidx.window:window:1.0.0-beta03] AndroidManifest.xml:29:13-51
52            android:required="false" />
52-->[androidx.window:window:1.0.0-beta03] AndroidManifest.xml:30:13-37
53    </application>
54
55</manifest>